Arguments: 
  /home/qqwy/.asdf/installs/nodejs/9.9.0/bin/node /home/qqwy/.yarn/bin/yarn.js build

PATH: 
  /home/qqwy/.yarn/bin:/home/qqwy/.config/yarn/global/node_modules/.bin:/home/qqwy/.asdf/shims:/home/qqwy/.asdf/bin:/usr/local/sbin:/usr/local/bin:/usr/bin:/usr/lib/jvm/default/bin:/usr/bin/site_perl:/usr/bin/vendor_perl:/usr/bin/core_perl:/home/qqwy/.cargo/bin/

Yarn version: 
  1.5.1

Node version: 
  9.9.0

Platform: 
  linux x64

npm manifest: 
  No manifest

yarn manifest: 
  No manifest

Lockfile: 
  No lockfile

Trace: 
  Error: Couldn't find a package.json file in "/run/media/qqwy/Serendipity/Programming/Resilia/Ledgacy/ledgacy_dapp"
      at new MessageError (/home/qqwy/.yarn/lib/cli.js:186:110)
      at /home/qqwy/.yarn/lib/cli.js:40048:15
      at Generator.next (<anonymous>)
      at step (/home/qqwy/.yarn/lib/cli.js:98:30)
      at /home/qqwy/.yarn/lib/cli.js:109:13
      at <anonymous>
